<?xml version="1.0" encoding="UTF-8"?>
<!-- Generated by org.testng.reporters.JUnitReportReporter -->
<testsuite skipped="0" hostname="JELENA-WIN10" name="tests.LoginTest" tests="1" failures="0" timestamp="2020-04-12T18:18:39 CEST" time="10.733" errors="0">
  <testcase name="basicLogin" time="10.733" classname="tests.LoginTest"/>
</testsuite> <!-- tests.LoginTest -->
