<?xml version="1.0" encoding="UTF-8"?>
<!-- Generated by org.testng.reporters.JUnitReportReporter -->
<testsuite skipped="0" hostname="JELENA-WIN10" name="tests.RegistrationTest" tests="1" failures="0" timestamp="2020-04-16T00:59:06 CEST" time="16.001" errors="0">
  <testcase name="basicRegistration" time="16.001" classname="tests.RegistrationTest"/>
</testsuite> <!-- tests.RegistrationTest -->
